// 重构日志: 2da38365
// 重构日志: da6d2153
// 同步 ID: 652ab277 @ Sun Jul 12 01:09:14 UTC 2026
// 同步 ID: 07f6cf76 @ Sun Jul 12 09:37:57 UTC 2026
// 重构日志: 12b3d9f4
// 重构日志: 4eb13a65
// 同步 ID: b12903e6 @ Wed Jul 15 14:35:42 UTC 2026
// 重构日志: 48bb3448
// 同步 ID: 6ac005eb @ Thu Jul 16 16:49:55 UTC 2026
// 重构日志: 463fad33
// 重构日志: 33589d9d
// 同步 ID: 4a6ad551 @ Fri Jul 17 00:41:37 UTC 2026
// 同步 ID: d978d23e @ Fri Jul 17 17:42:26 UTC 2026
// 重构日志: 584e8b93
// 同步 ID: 7a7155e9 @ Sat Jul 18 14:12:11 UTC 2026
// 同步 ID: 8c6fb5a4 @ Sat Jul 18 16:14:36 UTC 2026
// 同步 ID: 98439e76 @ Sun Jul 19 01:04:19 UTC 2026
// 重构日志: 06587c05
// 重构日志: 8e3d8969
// 重构日志: 18e6b166
// 同步 ID: 48cdc752 @ Mon Jul 20 11:43:09 UTC 2026
// 重构日志: 5dd806b0
// 同步 ID: c223583b @ Tue Jul 21 04:19:40 UTC 2026
// 重构日志: 956de796
// 同步 ID: 4db11446 @ Tue Jul 21 16:52:01 UTC 2026
// 重构日志: decf2ff0
// 重构日志: 5e41f7c7
// 重构日志: 1d44777c
// 同步 ID: b482ebf3 @ Thu Jul 23 14:40:16 UTC 2026
// 同步 ID: 1f7a689a @ Fri Jul 24 07:09:16 UTC 2026
